This is pdfTeX, Version 3.14159265-2.6-1.40.20 (TeX Live 2019) (preloaded format=pdflatex 2019.11.6)  3 DEC 2019 19:27
entering extended mode
 restricted \write18 enabled.
 %&-line parsing enabled.
**slides.tex
(./slides.tex
LaTeX2e <2018-12-01>
(/usr/share/texlive/texmf-dist/tex/latex/beamer/beamer.cls
Document Class: beamer 2018/02/20 v3.50 A class for typesetting presentations
(/usr/share/texlive/texmf-dist/tex/latex/beamer/beamerbasemodes.sty
(/usr/share/texlive/texmf-dist/tex/latex/etoolbox/etoolbox.sty
Package: etoolbox 2018/02/11 v2.5e e-TeX tools for LaTeX (JAW)
\etb@tempcnta=\count80
)
\beamer@tempbox=\box27
\beamer@tempcount=\count81
\c@beamerpauses=\count82

(/usr/share/texlive/texmf-dist/tex/latex/beamer/beamerbasedecode.sty
\beamer@slideinframe=\count83
\beamer@minimum=\count84
)
\beamer@commentbox=\box28
\beamer@modecount=\count85
)
(/usr/share/texlive/texmf-dist/tex/generic/oberdiek/ifpdf.sty
Package: ifpdf 2018/09/07 v3.3 Provides the ifpdf switch
)
\headdp=\dimen102
\footheight=\dimen103
\sidebarheight=\dimen104
\beamer@tempdim=\dimen105
\beamer@finalheight=\dimen106
\beamer@animht=\dimen107
\beamer@animdp=\dimen108
\beamer@animwd=\dimen109
\beamer@leftmargin=\dimen110
\beamer@rightmargin=\dimen111
\beamer@leftsidebar=\dimen112
\beamer@rightsidebar=\dimen113
\beamer@boxsize=\dimen114
\beamer@vboxoffset=\dimen115
\beamer@descdefault=\dimen116
\beamer@descriptionwidth=\dimen117
\beamer@lastskip=\skip41
\beamer@areabox=\box29
\beamer@animcurrent=\box30
\beamer@animshowbox=\box31
\beamer@sectionbox=\box32
\beamer@logobox=\box33
\beamer@linebox=\box34
\beamer@sectioncount=\count86
\beamer@subsubsectionmax=\count87
\beamer@subsectionmax=\count88
\beamer@sectionmax=\count89
\beamer@totalheads=\count90
\beamer@headcounter=\count91
\beamer@partstartpage=\count92
\beamer@sectionstartpage=\count93
\beamer@subsectionstartpage=\count94
\beamer@animationtempa=\count95
\beamer@animationtempb=\count96
\beamer@xpos=\count97
\beamer@ypos=\count98
\beamer@ypos@offset=\count99
\beamer@showpartnumber=\count100
\beamer@currentsubsection=\count101
\beamer@coveringdepth=\count102
\beamer@sectionadjust=\count103
\beamer@tocsectionnumber=\count104

(/usr/share/texlive/texmf-dist/tex/latex/beamer/beamerbaseoptions.sty
(/usr/share/texlive/texmf-dist/tex/latex/graphics/keyval.sty
Package: keyval 2014/10/28 v1.15 key=value parser (DPC)
\KV@toks@=\toks14
))
\beamer@paperwidth=\skip42
\beamer@paperheight=\skip43

(/usr/share/texlive/texmf-dist/tex/latex/geometry/geometry.sty
Package: geometry 2018/04/16 v5.8 Page Geometry

(/usr/share/texlive/texmf-dist/tex/generic/oberdiek/ifvtex.sty
Package: ifvtex 2016/05/16 v1.6 Detect VTeX and its facilities (HO)
Package ifvtex Info: VTeX not detected.
)
(/usr/share/texlive/texmf-dist/tex/generic/ifxetex/ifxetex.sty
Package: ifxetex 2010/09/12 v0.6 Provides ifxetex conditional
)
\Gm@cnth=\count105
\Gm@cntv=\count106
\c@Gm@tempcnt=\count107
\Gm@bindingoffset=\dimen118
\Gm@wd@mp=\dimen119
\Gm@odd@mp=\dimen120
\Gm@even@mp=\dimen121
\Gm@layoutwidth=\dimen122
\Gm@layoutheight=\dimen123
\Gm@layouthoffset=\dimen124
\Gm@layoutvoffset=\dimen125
\Gm@dimlist=\toks15
)
(/usr/share/texlive/texmf-dist/tex/latex/base/size10.clo
File: size10.clo 2018/09/03 v1.4i Standard LaTeX file (size option)
)
(/usr/share/texlive/texmf-dist/tex/latex/pgf/basiclayer/pgfcore.sty
(/usr/share/texlive/texmf-dist/tex/latex/graphics/graphicx.sty
Package: graphicx 2017/06/01 v1.1a Enhanced LaTeX Graphics (DPC,SPQR)

(/usr/share/texlive/texmf-dist/tex/latex/graphics/graphics.sty
Package: graphics 2017/06/25 v1.2c Standard LaTeX Graphics (DPC,SPQR)

(/usr/share/texlive/texmf-dist/tex/latex/graphics/trig.sty
Package: trig 2016/01/03 v1.10 sin cos tan (DPC)
)
(/usr/share/texlive/texmf-dist/tex/latex/graphics-cfg/graphics.cfg
File: graphics.cfg 2016/06/04 v1.11 sample graphics configuration
)
Package graphics Info: Driver file: pdftex.def on input line 99.

(/usr/share/texlive/texmf-dist/tex/latex/graphics-def/pdftex.def
File: pdftex.def 2018/01/08 v1.0l Graphics/color driver for pdftex
))
\Gin@req@height=\dimen126
\Gin@req@width=\dimen127
)
(/usr/share/texlive/texmf-dist/tex/latex/pgf/systemlayer/pgfsys.sty
(/usr/share/texlive/texmf-dist/tex/latex/pgf/utilities/pgfrcs.sty
(/usr/share/texlive/texmf-dist/tex/generic/pgf/utilities/pgfutil-common.tex
\pgfutil@everybye=\toks16
\pgfutil@tempdima=\dimen128
\pgfutil@tempdimb=\dimen129

(/usr/share/texlive/texmf-dist/tex/generic/pgf/utilities/pgfutil-common-lists.t
ex)) (/usr/share/texlive/texmf-dist/tex/generic/pgf/utilities/pgfutil-latex.def
\pgfutil@abb=\box35
(/usr/share/texlive/texmf-dist/tex/latex/ms/everyshi.sty
Package: everyshi 2001/05/15 v3.00 EveryShipout Package (MS)
))
(/usr/share/texlive/texmf-dist/tex/generic/pgf/utilities/pgfrcs.code.tex
Package: pgfrcs 2015/08/07 v3.0.1a (rcs-revision 1.31)
))
(/usr/share/texlive/texmf-dist/tex/generic/pgf/systemlayer/pgfsys.code.tex
Package: pgfsys 2014/07/09 v3.0.1a (rcs-revision 1.48)

(/usr/share/texlive/texmf-dist/tex/generic/pgf/utilities/pgfkeys.code.tex
\pgfkeys@pathtoks=\toks17
\pgfkeys@temptoks=\toks18

(/usr/share/texlive/texmf-dist/tex/generic/pgf/utilities/pgfkeysfiltered.code.t
ex
\pgfkeys@tmptoks=\toks19
))
\pgf@x=\dimen130
\pgf@y=\dimen131
\pgf@xa=\dimen132
\pgf@ya=\dimen133
\pgf@xb=\dimen134
\pgf@yb=\dimen135
\pgf@xc=\dimen136
\pgf@yc=\dimen137
\w@pgf@writea=\write3
\r@pgf@reada=\read1
\c@pgf@counta=\count108
\c@pgf@countb=\count109
\c@pgf@countc=\count110
\c@pgf@countd=\count111
\t@pgf@toka=\toks20
\t@pgf@tokb=\toks21
\t@pgf@tokc=\toks22
 (/usr/share/texlive/texmf-dist/tex/generic/pgf/systemlayer/pgf.cfg
File: pgf.cfg 2008/05/14  (rcs-revision 1.7)
)
Driver file for pgf: pgfsys-pdftex.def

(/usr/share/texlive/texmf-dist/tex/generic/pgf/systemlayer/pgfsys-pdftex.def
File: pgfsys-pdftex.def 2014/10/11  (rcs-revision 1.35)

(/usr/share/texlive/texmf-dist/tex/generic/pgf/systemlayer/pgfsys-common-pdf.de
f
File: pgfsys-common-pdf.def 2013/10/10  (rcs-revision 1.13)
)))
(/usr/share/texlive/texmf-dist/tex/generic/pgf/systemlayer/pgfsyssoftpath.code.
tex
File: pgfsyssoftpath.code.tex 2013/09/09  (rcs-revision 1.9)
\pgfsyssoftpath@smallbuffer@items=\count112
\pgfsyssoftpath@bigbuffer@items=\count113
)
(/usr/share/texlive/texmf-dist/tex/generic/pgf/systemlayer/pgfsysprotocol.code.
tex
File: pgfsysprotocol.code.tex 2006/10/16  (rcs-revision 1.4)
)) (/usr/share/texlive/texmf-dist/tex/latex/xcolor/xcolor.sty
Package: xcolor 2016/05/11 v2.12 LaTeX color extensions (UK)

(/usr/share/texlive/texmf-dist/tex/latex/graphics-cfg/color.cfg
File: color.cfg 2016/01/02 v1.6 sample color configuration
)
Package xcolor Info: Driver file: pdftex.def on input line 225.
Package xcolor Info: Model `cmy' substituted by `cmy0' on input line 1348.
Package xcolor Info: Model `hsb' substituted by `rgb' on input line 1352.
Package xcolor Info: Model `RGB' extended on input line 1364.
Package xcolor Info: Model `HTML' substituted by `rgb' on input line 1366.
Package xcolor Info: Model `Hsb' substituted by `hsb' on input line 1367.
Package xcolor Info: Model `tHsb' substituted by `hsb' on input line 1368.
Package xcolor Info: Model `HSB' substituted by `hsb' on input line 1369.
Package xcolor Info: Model `Gray' substituted by `gray' on input line 1370.
Package xcolor Info: Model `wave' substituted by `hsb' on input line 1371.
)
(/usr/share/texlive/texmf-dist/tex/generic/pgf/basiclayer/pgfcore.code.tex
Package: pgfcore 2010/04/11 v3.0.1a (rcs-revision 1.7)

(/usr/share/texlive/texmf-dist/tex/generic/pgf/math/pgfmath.code.tex
(/usr/share/texlive/texmf-dist/tex/generic/pgf/math/pgfmathcalc.code.tex
(/usr/share/texlive/texmf-dist/tex/generic/pgf/math/pgfmathutil.code.tex)
(/usr/share/texlive/texmf-dist/tex/generic/pgf/math/pgfmathparser.code.tex
\pgfmath@dimen=\dimen138
\pgfmath@count=\count114
\pgfmath@box=\box36
\pgfmath@toks=\toks23
\pgfmath@stack@operand=\toks24
\pgfmath@stack@operation=\toks25
)
(/usr/share/texlive/texmf-dist/tex/generic/pgf/math/pgfmathfunctions.code.tex
(/usr/share/texlive/texmf-dist/tex/generic/pgf/math/pgfmathfunctions.basic.code
.tex)
(/usr/share/texlive/texmf-dist/tex/generic/pgf/math/pgfmathfunctions.trigonomet
ric.code.tex)
(/usr/share/texlive/texmf-dist/tex/generic/pgf/math/pgfmathfunctions.random.cod
e.tex)
(/usr/share/texlive/texmf-dist/tex/generic/pgf/math/pgfmathfunctions.comparison
.code.tex)
(/usr/share/texlive/texmf-dist/tex/generic/pgf/math/pgfmathfunctions.base.code.
tex)
(/usr/share/texlive/texmf-dist/tex/generic/pgf/math/pgfmathfunctions.round.code
.tex)
(/usr/share/texlive/texmf-dist/tex/generic/pgf/math/pgfmathfunctions.misc.code.
tex)
(/usr/share/texlive/texmf-dist/tex/generic/pgf/math/pgfmathfunctions.integerari
thmetics.code.tex)))
(/usr/share/texlive/texmf-dist/tex/generic/pgf/math/pgfmathfloat.code.tex
\c@pgfmathroundto@lastzeros=\count115
))
(/usr/share/texlive/texmf-dist/tex/generic/pgf/basiclayer/pgfcorepoints.code.te
x
File: pgfcorepoints.code.tex 2013/10/07  (rcs-revision 1.27)
\pgf@picminx=\dimen139
\pgf@picmaxx=\dimen140
\pgf@picminy=\dimen141
\pgf@picmaxy=\dimen142
\pgf@pathminx=\dimen143
\pgf@pathmaxx=\dimen144
\pgf@pathminy=\dimen145
\pgf@pathmaxy=\dimen146
\pgf@xx=\dimen147
\pgf@xy=\dimen148
\pgf@yx=\dimen149
\pgf@yy=\dimen150
\pgf@zx=\dimen151
\pgf@zy=\dimen152
)
(/usr/share/texlive/texmf-dist/tex/generic/pgf/basiclayer/pgfcorepathconstruct.
code.tex
File: pgfcorepathconstruct.code.tex 2013/10/07  (rcs-revision 1.29)
\pgf@path@lastx=\dimen153
\pgf@path@lasty=\dimen154
)
(/usr/share/texlive/texmf-dist/tex/generic/pgf/basiclayer/pgfcorepathusage.code
.tex
File: pgfcorepathusage.code.tex 2014/11/02  (rcs-revision 1.24)
\pgf@shorten@end@additional=\dimen155
\pgf@shorten@start@additional=\dimen156
)
(/usr/share/texlive/texmf-dist/tex/generic/pgf/basiclayer/pgfcorescopes.code.te
x
File: pgfcorescopes.code.tex 2015/05/08  (rcs-revision 1.46)
\pgfpic=\box37
\pgf@hbox=\box38
\pgf@layerbox@main=\box39
\pgf@picture@serial@count=\count116
)
(/usr/share/texlive/texmf-dist/tex/generic/pgf/basiclayer/pgfcoregraphicstate.c
ode.tex
File: pgfcoregraphicstate.code.tex 2014/11/02  (rcs-revision 1.12)
\pgflinewidth=\dimen157
)
(/usr/share/texlive/texmf-dist/tex/generic/pgf/basiclayer/pgfcoretransformation
s.code.tex
File: pgfcoretransformations.code.tex 2015/08/07  (rcs-revision 1.20)
\pgf@pt@x=\dimen158
\pgf@pt@y=\dimen159
\pgf@pt@temp=\dimen160
)
(/usr/share/texlive/texmf-dist/tex/generic/pgf/basiclayer/pgfcorequick.code.tex
File: pgfcorequick.code.tex 2008/10/09  (rcs-revision 1.3)
)
(/usr/share/texlive/texmf-dist/tex/generic/pgf/basiclayer/pgfcoreobjects.code.t
ex
File: pgfcoreobjects.code.tex 2006/10/11  (rcs-revision 1.2)
)
(/usr/share/texlive/texmf-dist/tex/generic/pgf/basiclayer/pgfcorepathprocessing
.code.tex
File: pgfcorepathprocessing.code.tex 2013/09/09  (rcs-revision 1.9)
)
(/usr/share/texlive/texmf-dist/tex/generic/pgf/basiclayer/pgfcorearrows.code.te
x
File: pgfcorearrows.code.tex 2015/05/14  (rcs-revision 1.43)
\pgfarrowsep=\dimen161
)
(/usr/share/texlive/texmf-dist/tex/generic/pgf/basiclayer/pgfcoreshade.code.tex
File: pgfcoreshade.code.tex 2013/07/15  (rcs-revision 1.15)
\pgf@max=\dimen162
\pgf@sys@shading@range@num=\count117
)
(/usr/share/texlive/texmf-dist/tex/generic/pgf/basiclayer/pgfcoreimage.code.tex
File: pgfcoreimage.code.tex 2013/07/15  (rcs-revision 1.18)

(/usr/share/texlive/texmf-dist/tex/generic/pgf/basiclayer/pgfcoreexternal.code.
tex
File: pgfcoreexternal.code.tex 2014/07/09  (rcs-revision 1.21)
\pgfexternal@startupbox=\box40
))
(/usr/share/texlive/texmf-dist/tex/generic/pgf/basiclayer/pgfcorelayers.code.te
x
File: pgfcorelayers.code.tex 2013/07/18  (rcs-revision 1.7)
)
(/usr/share/texlive/texmf-dist/tex/generic/pgf/basiclayer/pgfcoretransparency.c
ode.tex
File: pgfcoretransparency.code.tex 2013/09/30  (rcs-revision 1.5)
)
(/usr/share/texlive/texmf-dist/tex/generic/pgf/basiclayer/pgfcorepatterns.code.
tex
File: pgfcorepatterns.code.tex 2013/11/07  (rcs-revision 1.5)
))) (/usr/share/texlive/texmf-dist/tex/latex/pgf/utilities/xxcolor.sty
Package: xxcolor 2003/10/24 ver 0.1
\XC@nummixins=\count118
\XC@countmixins=\count119
)
(/usr/share/texlive/texmf-dist/tex/generic/oberdiek/atbegshi.sty
Package: atbegshi 2016/06/09 v1.18 At begin shipout hook (HO)

(/usr/share/texlive/texmf-dist/tex/generic/oberdiek/infwarerr.sty
Package: infwarerr 2016/05/16 v1.4 Providing info/warning/error messages (HO)
)
(/usr/share/texlive/texmf-dist/tex/generic/oberdiek/ltxcmds.sty
Package: ltxcmds 2016/05/16 v1.23 LaTeX kernel commands for general use (HO)
))
(/usr/share/texlive/texmf-dist/tex/latex/hyperref/hyperref.sty
Package: hyperref 2018/02/06 v6.86b Hypertext links for LaTeX

(/usr/share/texlive/texmf-dist/tex/generic/oberdiek/hobsub-hyperref.sty
Package: hobsub-hyperref 2016/05/16 v1.14 Bundle oberdiek, subset hyperref (HO)


(/usr/share/texlive/texmf-dist/tex/generic/oberdiek/hobsub-generic.sty
Package: hobsub-generic 2016/05/16 v1.14 Bundle oberdiek, subset generic (HO)
Package: hobsub 2016/05/16 v1.14 Construct package bundles (HO)
Package hobsub Info: Skipping package `infwarerr' (already loaded).
Package hobsub Info: Skipping package `ltxcmds' (already loaded).
Package: ifluatex 2016/05/16 v1.4 Provides the ifluatex switch (HO)
Package ifluatex Info: LuaTeX not detected.
Package hobsub Info: Skipping package `ifvtex' (already loaded).
Package: intcalc 2016/05/16 v1.2 Expandable calculations with integers (HO)
Package hobsub Info: Skipping package `ifpdf' (already loaded).
Package: etexcmds 2016/05/16 v1.6 Avoid name clashes with e-TeX commands (HO)
Package: kvsetkeys 2016/05/16 v1.17 Key value parser (HO)
Package: kvdefinekeys 2016/05/16 v1.4 Define keys (HO)
Package: pdftexcmds 2018/09/10 v0.29 Utility functions of pdfTeX for LuaTeX (HO
)
Package pdftexcmds Info: LuaTeX not detected.
Package pdftexcmds Info: \pdf@primitive is available.
Package pdftexcmds Info: \pdf@ifprimitive is available.
Package pdftexcmds Info: \pdfdraftmode found.
Package: pdfescape 2016/05/16 v1.14 Implements pdfTeX's escape features (HO)
Package: bigintcalc 2016/05/16 v1.4 Expandable calculations on big integers (HO
)
Package: bitset 2016/05/16 v1.2 Handle bit-vector datatype (HO)
Package: uniquecounter 2016/05/16 v1.3 Provide unlimited unique counter (HO)
)
Package hobsub Info: Skipping package `hobsub' (already loaded).
Package: letltxmacro 2016/05/16 v1.5 Let assignment for LaTeX macros (HO)
Package: hopatch 2016/05/16 v1.3 Wrapper for package hooks (HO)
Package: xcolor-patch 2016/05/16 xcolor patch
Package: atveryend 2016/05/16 v1.9 Hooks at the very end of document (HO)
Package hobsub Info: Skipping package `atbegshi' (already loaded).
Package: refcount 2016/05/16 v3.5 Data extraction from label references (HO)
Package: hycolor 2016/05/16 v1.8 Color options for hyperref/bookmark (HO)
)
(/usr/share/texlive/texmf-dist/tex/latex/oberdiek/auxhook.sty
Package: auxhook 2016/05/16 v1.4 Hooks for auxiliary files (HO)
)
(/usr/share/texlive/texmf-dist/tex/latex/oberdiek/kvoptions.sty
Package: kvoptions 2016/05/16 v3.12 Key value format for package options (HO)
)
\@linkdim=\dimen163
\Hy@linkcounter=\count120
\Hy@pagecounter=\count121

(/usr/share/texlive/texmf-dist/tex/latex/hyperref/pd1enc.def
File: pd1enc.def 2018/02/06 v6.86b Hyperref: PDFDocEncoding definition (HO)
Now handling font encoding PD1 ...
... no UTF-8 mapping file for font encoding PD1
)
\Hy@SavedSpaceFactor=\count122

(/usr/share/texlive/texmf-dist/tex/latex/latexconfig/hyperref.cfg
File: hyperref.cfg 2002/06/06 v1.2 hyperref configuration of TeXLive
)
Package hyperref Info: Option `bookmarks' set `true' on input line 4383.
Package hyperref Info: Option `bookmarksopen' set `true' on input line 4383.
Package hyperref Info: Option `implicit' set `false' on input line 4383.
Package hyperref Info: Hyper figures OFF on input line 4509.
Package hyperref Info: Link nesting OFF on input line 4514.
Package hyperref Info: Hyper index ON on input line 4517.
Package hyperref Info: Plain pages OFF on input line 4524.
Package hyperref Info: Backreferencing OFF on input line 4529.
Package hyperref Info: Implicit mode OFF; no redefinition of LaTeX internals.
Package hyperref Info: Bookmarks ON on input line 4762.
\c@Hy@tempcnt=\count123

(/usr/share/texlive/texmf-dist/tex/latex/url/url.sty
\Urlmuskip=\muskip10
Package: url 2013/09/16  ver 3.4  Verb mode for urls, etc.
)
LaTeX Info: Redefining \url on input line 5115.
\XeTeXLinkMargin=\dimen164
\Fld@menulength=\count124
\Field@Width=\dimen165
\Fld@charsize=\dimen166
Package hyperref Info: Hyper figures OFF on input line 6369.
Package hyperref Info: Link nesting OFF on input line 6374.
Package hyperref Info: Hyper index ON on input line 6377.
Package hyperref Info: backreferencing OFF on input line 6384.
Package hyperref Info: Link coloring OFF on input line 6389.
Package hyperref Info: Link coloring with OCG OFF on input line 6394.
Package hyperref Info: PDF/A mode OFF on input line 6399.
LaTeX Info: Redefining \ref on input line 6439.
LaTeX Info: Redefining \pageref on input line 6443.
\Hy@abspage=\count125


Package hyperref Message: Stopped early.

)
Package hyperref Info: Driver (autodetected): hpdftex.
 (/usr/share/texlive/texmf-dist/tex/latex/hyperref/hpdftex.def
File: hpdftex.def 2018/02/06 v6.86b Hyperref driver for pdfTeX
\Fld@listcount=\count126
\c@bookmark@seq@number=\count127

(/usr/share/texlive/texmf-dist/tex/latex/oberdiek/rerunfilecheck.sty
Package: rerunfilecheck 2016/05/16 v1.8 Rerun checks for auxiliary files (HO)
Package uniquecounter Info: New unique counter `rerunfilecheck' on input line 2
82.
))
(/usr/share/texlive/texmf-dist/tex/latex/beamer/beamerbaserequires.sty
(/usr/share/texlive/texmf-dist/tex/latex/beamer/beamerbasecompatibility.sty)
(/usr/share/texlive/texmf-dist/tex/latex/beamer/beamerbasefont.sty
(/usr/share/texlive/texmf-dist/tex/latex/amsfonts/amssymb.sty
Package: amssymb 2013/01/14 v3.01 AMS font symbols

(/usr/share/texlive/texmf-dist/tex/latex/amsfonts/amsfonts.sty
Package: amsfonts 2013/01/14 v3.01 Basic AMSFonts support
\@emptytoks=\toks26
\symAMSa=\mathgroup4
\symAMSb=\mathgroup5
LaTeX Font Info:    Overwriting math alphabet `\mathfrak' in version `bold'
(Font)                  U/euf/m/n --> U/euf/b/n on input line 106.
))
(/usr/share/texlive/texmf-dist/tex/latex/sansmathaccent/sansmathaccent.sty
Package: sansmathaccent 2013/03/28

(/usr/share/texlive/texmf-dist/tex/latex/filehook/filehook.sty
Package: filehook 2011/10/12 v0.5d Hooks for input files
)))
(/usr/share/texlive/texmf-dist/tex/latex/beamer/beamerbasetranslator.sty
(/usr/share/texlive/texmf-dist/tex/latex/translator/translator.sty
Package: translator 2018/01/04 v1.12 Easy translation of strings in LaTeX
))
(/usr/share/texlive/texmf-dist/tex/latex/beamer/beamerbasemisc.sty)
(/usr/share/texlive/texmf-dist/tex/latex/beamer/beamerbasetwoscreens.sty)
(/usr/share/texlive/texmf-dist/tex/latex/beamer/beamerbaseoverlay.sty
\beamer@argscount=\count128
\beamer@lastskipcover=\skip44
\beamer@trivlistdepth=\count129
)
(/usr/share/texlive/texmf-dist/tex/latex/beamer/beamerbasetitle.sty)
(/usr/share/texlive/texmf-dist/tex/latex/beamer/beamerbasesection.sty
\c@lecture=\count130
\c@part=\count131
\c@section=\count132
\c@subsection=\count133
\c@subsubsection=\count134
)
(/usr/share/texlive/texmf-dist/tex/latex/beamer/beamerbaseframe.sty
\beamer@framebox=\box41
\beamer@frametitlebox=\box42
\beamer@zoombox=\box43
\beamer@zoomcount=\count135
\beamer@zoomframecount=\count136
\beamer@frametextheight=\dimen167
\c@subsectionslide=\count137
\beamer@frametopskip=\skip45
\beamer@framebottomskip=\skip46
\beamer@frametopskipautobreak=\skip47
\beamer@framebottomskipautobreak=\skip48
\beamer@envbody=\toks27
\framewidth=\dimen168
\c@framenumber=\count138
)
(/usr/share/texlive/texmf-dist/tex/latex/beamer/beamerbaseverbatim.sty
\beamer@verbatimfileout=\write4
)
(/usr/share/texlive/texmf-dist/tex/latex/beamer/beamerbaseframesize.sty
\beamer@splitbox=\box44
\beamer@autobreakcount=\count139
\beamer@autobreaklastheight=\dimen169
\beamer@frametitletoks=\toks28
\beamer@framesubtitletoks=\toks29
)
(/usr/share/texlive/texmf-dist/tex/latex/beamer/beamerbaseframecomponents.sty
\beamer@footins=\box45
)
(/usr/share/texlive/texmf-dist/tex/latex/beamer/beamerbasecolor.sty
\beamer@bg@ht=\dimen170
\beamer@bg@wd=\dimen171
\beamer@bg@dp=\dimen172
)
(/usr/share/texlive/texmf-dist/tex/latex/beamer/beamerbasenotes.sty
\beamer@frameboxcopy=\box46
)
(/usr/share/texlive/texmf-dist/tex/latex/beamer/beamerbasetoc.sty)
(/usr/share/texlive/texmf-dist/tex/latex/beamer/beamerbasetemplates.sty
\beamer@sbttoks=\toks30

(/usr/share/texlive/texmf-dist/tex/latex/beamer/beamerbaseauxtemplates.sty
(/usr/share/texlive/texmf-dist/tex/latex/beamer/beamerbaseboxes.sty
\bmb@box=\box47
\bmb@colorbox=\box48
\bmb@boxshadow=\box49
\bmb@boxshadowball=\box50
\bmb@boxshadowballlarge=\box51
\bmb@temp=\dimen173
\bmb@dima=\dimen174
\bmb@dimb=\dimen175
\bmb@prevheight=\dimen176
)
\beamer@blockheadheight=\dimen177
))
(/usr/share/texlive/texmf-dist/tex/latex/beamer/beamerbaselocalstructure.sty
(/usr/share/texlive/texmf-dist/tex/latex/tools/enumerate.sty
Package: enumerate 2015/07/23 v3.00 enumerate extensions (DPC)
\@enLab=\toks31
)
\c@figure=\count140
\c@table=\count141
\abovecaptionskip=\skip49
\belowcaptionskip=\skip50
)
(/usr/share/texlive/texmf-dist/tex/latex/beamer/beamerbasenavigation.sty
\beamer@section@min@dim=\dimen178
)
(/usr/share/texlive/texmf-dist/tex/latex/beamer/beamerbasetheorems.sty
(/usr/share/texlive/texmf-dist/tex/latex/amsmath/amsmath.sty
Package: amsmath 2017/09/02 v2.17a AMS math features
\@mathmargin=\skip51

For additional information on amsmath, use the `?' option.
(/usr/share/texlive/texmf-dist/tex/latex/amsmath/amstext.sty
Package: amstext 2000/06/29 v2.01 AMS text

(/usr/share/texlive/texmf-dist/tex/latex/amsmath/amsgen.sty
File: amsgen.sty 1999/11/30 v2.0 generic functions
\@emptytoks=\toks32
\ex@=\dimen179
))
(/usr/share/texlive/texmf-dist/tex/latex/amsmath/amsbsy.sty
Package: amsbsy 1999/11/29 v1.2d Bold Symbols
\pmbraise@=\dimen180
)
(/usr/share/texlive/texmf-dist/tex/latex/amsmath/amsopn.sty
Package: amsopn 2016/03/08 v2.02 operator names
)
\inf@bad=\count142
LaTeX Info: Redefining \frac on input line 213.
\uproot@=\count143
\leftroot@=\count144
LaTeX Info: Redefining \overline on input line 375.
\classnum@=\count145
\DOTSCASE@=\count146
LaTeX Info: Redefining \ldots on input line 472.
LaTeX Info: Redefining \dots on input line 475.
LaTeX Info: Redefining \cdots on input line 596.
\Mathstrutbox@=\box52
\strutbox@=\box53
\big@size=\dimen181
LaTeX Font Info:    Redeclaring font encoding OML on input line 712.
LaTeX Font Info:    Redeclaring font encoding OMS on input line 713.
\macc@depth=\count147
\c@MaxMatrixCols=\count148
\dotsspace@=\muskip11
\c@parentequation=\count149
\dspbrk@lvl=\count150
\tag@help=\toks33
\row@=\count151
\column@=\count152
\maxfields@=\count153
\andhelp@=\toks34
\eqnshift@=\dimen182
\alignsep@=\dimen183
\tagshift@=\dimen184
\tagwidth@=\dimen185
\totwidth@=\dimen186
\lineht@=\dimen187
\@envbody=\toks35
\multlinegap=\skip52
\multlinetaggap=\skip53
\mathdisplay@stack=\toks36
LaTeX Info: Redefining \[ on input line 2817.
LaTeX Info: Redefining \] on input line 2818.
)
(/usr/share/texlive/texmf-dist/tex/latex/amscls/amsthm.sty
Package: amsthm 2017/10/31 v2.20.4
\thm@style=\toks37
\thm@bodyfont=\toks38
\thm@headfont=\toks39
\thm@notefont=\toks40
\thm@headpunct=\toks41
\thm@preskip=\skip54
\thm@postskip=\skip55
\thm@headsep=\skip56
\dth@everypar=\toks42
)
\c@theorem=\count154
)
(/usr/share/texlive/texmf-dist/tex/latex/beamer/beamerbasethemes.sty))
(/usr/share/texlive/texmf-dist/tex/latex/beamer/beamerthemedefault.sty
(/usr/share/texlive/texmf-dist/tex/latex/beamer/beamerfontthemedefault.sty)
(/usr/share/texlive/texmf-dist/tex/latex/beamer/beamercolorthemedefault.sty)
(/usr/share/texlive/texmf-dist/tex/latex/beamer/beamerinnerthemedefault.sty
\beamer@dima=\dimen188
\beamer@dimb=\dimen189
)
(/usr/share/texlive/texmf-dist/tex/latex/beamer/beamerouterthemedefault.sty)))
(/usr/share/texlive/texmf-dist/tex/latex/caption/caption.sty
Package: caption 2018/05/01 v3.3-147 Customizing captions (AR)

(/usr/share/texlive/texmf-dist/tex/latex/caption/caption3.sty
Package: caption3 2018/05/27 v1.8a caption3 kernel (AR)
Package caption3 Info: TeX engine: e-TeX on input line 64.
\captionmargin=\dimen190
\captionmargin@=\dimen191
\captionwidth=\dimen192
\caption@tempdima=\dimen193
\caption@indent=\dimen194
\caption@parindent=\dimen195
\caption@hangindent=\dimen196
)
\c@ContinuedFloat=\count155
Package caption Info: beamer document class.
Package caption Info: hyperref package is loaded.
Package caption Info: Hyperref support is turned off
(caption)             because hyperref has stopped early.
)
(/usr/share/texlive/texmf-dist/tex/latex/beamertheme-metropolis/beamerthememetr
opolis.sty
Package: beamerthememetropolis 2017/01/23 v1.2 Metropolis Beamer theme
 (/usr/share/texlive/texmf-dist/tex/latex/pgfopts/pgfopts.sty
Package: pgfopts 2014/07/10 v2.1a LaTeX package options with pgfkeys

(/usr/share/texlive/texmf-dist/tex/latex/pgf/utilities/pgfkeys.sty
(/usr/share/texlive/texmf-dist/tex/generic/pgf/utilities/pgfkeys.code.tex))
\pgfopts@list@add@a@toks=\toks43
\pgfopts@list@add@b@toks=\toks44
)
(/usr/share/texlive/texmf-dist/tex/latex/beamertheme-metropolis/beamerinnerthem
emetropolis.sty
Package: beamerinnerthememetropolis 2017/01/23 Metropolis inner theme
 (/usr/share/texlive/texmf-dist/tex/latex/tools/calc.sty
Package: calc 2017/05/25 v4.3 Infix arithmetic (KKT,FJ)
\calc@Acount=\count156
\calc@Bcount=\count157
\calc@Adimen=\dimen197
\calc@Bdimen=\dimen198
\calc@Askip=\skip57
\calc@Bskip=\skip58
LaTeX Info: Redefining \setlength on input line 80.
LaTeX Info: Redefining \addtolength on input line 81.
\calc@Ccount=\count158
\calc@Cskip=\skip59
)
(/usr/share/texlive/texmf-dist/tex/latex/pgf/frontendlayer/tikz.sty
(/usr/share/texlive/texmf-dist/tex/latex/pgf/basiclayer/pgf.sty
Package: pgf 2015/08/07 v3.0.1a (rcs-revision 1.15)

(/usr/share/texlive/texmf-dist/tex/generic/pgf/modules/pgfmoduleshapes.code.tex
File: pgfmoduleshapes.code.tex 2014/03/21  (rcs-revision 1.35)
\pgfnodeparttextbox=\box54
) (/usr/share/texlive/texmf-dist/tex/generic/pgf/modules/pgfmoduleplot.code.tex
File: pgfmoduleplot.code.tex 2015/08/03  (rcs-revision 1.13)
)
(/usr/share/texlive/texmf-dist/tex/latex/pgf/compatibility/pgfcomp-version-0-65
.sty
Package: pgfcomp-version-0-65 2007/07/03 v3.0.1a (rcs-revision 1.7)
\pgf@nodesepstart=\dimen199
\pgf@nodesepend=\dimen256
)
(/usr/share/texlive/texmf-dist/tex/latex/pgf/compatibility/pgfcomp-version-1-18
.sty
Package: pgfcomp-version-1-18 2007/07/23 v3.0.1a (rcs-revision 1.1)
)) (/usr/share/texlive/texmf-dist/tex/latex/pgf/utilities/pgffor.sty
(/usr/share/texlive/texmf-dist/tex/latex/pgf/math/pgfmath.sty
(/usr/share/texlive/texmf-dist/tex/generic/pgf/math/pgfmath.code.tex))
(/usr/share/texlive/texmf-dist/tex/generic/pgf/utilities/pgffor.code.tex
Package: pgffor 2013/12/13 v3.0.1a (rcs-revision 1.25)

(/usr/share/texlive/texmf-dist/tex/generic/pgf/math/pgfmath.code.tex)
\pgffor@iter=\dimen257
\pgffor@skip=\dimen258
\pgffor@stack=\toks45
\pgffor@toks=\toks46
))
(/usr/share/texlive/texmf-dist/tex/generic/pgf/frontendlayer/tikz/tikz.code.tex
Package: tikz 2015/08/07 v3.0.1a (rcs-revision 1.151)

(/usr/share/texlive/texmf-dist/tex/generic/pgf/libraries/pgflibraryplothandlers
.code.tex
File: pgflibraryplothandlers.code.tex 2013/08/31 v3.0.1a (rcs-revision 1.20)
\pgf@plot@mark@count=\count159
\pgfplotmarksize=\dimen259
)
\tikz@lastx=\dimen260
\tikz@lasty=\dimen261
\tikz@lastxsaved=\dimen262
\tikz@lastysaved=\dimen263
\tikzleveldistance=\dimen264
\tikzsiblingdistance=\dimen265
\tikz@figbox=\box55
\tikz@figbox@bg=\box56
\tikz@tempbox=\box57
\tikz@tempbox@bg=\box58
\tikztreelevel=\count160
\tikznumberofchildren=\count161
\tikznumberofcurrentchild=\count162
\tikz@fig@count=\count163

(/usr/share/texlive/texmf-dist/tex/generic/pgf/modules/pgfmodulematrix.code.tex
File: pgfmodulematrix.code.tex 2013/09/17  (rcs-revision 1.8)
\pgfmatrixcurrentrow=\count164
\pgfmatrixcurrentcolumn=\count165
\pgf@matrix@numberofcolumns=\count166
)
\tikz@expandcount=\count167

(/usr/share/texlive/texmf-dist/tex/generic/pgf/frontendlayer/tikz/libraries/tik
zlibrarytopaths.code.tex
File: tikzlibrarytopaths.code.tex 2008/06/17 v3.0.1a (rcs-revision 1.2)
)))
\metropolis@titleseparator@linewidth=\skip60
\metropolis@progressonsectionpage=\skip61
\metropolis@progressonsectionpage@linewidth=\skip62
\metropolis@blocksep=\skip63
\metropolis@blockadjust=\skip64
\metropolis@parskip=\skip65
)
(/usr/share/texlive/texmf-dist/tex/latex/beamertheme-metropolis/beamerouterthem
emetropolis.sty
Package: beamerouterthememetropolis 2017/01/23 Metropolis outer theme
\metropolis@frametitle@padding=\skip66
\metropolis@progressinheadfoot=\skip67
\metropolis@progressinheadfoot@linewidth=\skip68
)
(/usr/share/texlive/texmf-dist/tex/latex/beamertheme-metropolis/beamercolorthem
emetropolis.sty
Package: beamercolorthememetropolis 2017/01/23 Metropolis color theme
)
(/usr/share/texlive/texmf-dist/tex/latex/beamertheme-metropolis/beamerfonttheme
metropolis.sty
Package: beamerfontthememetropolis 2017/01/23 Metropolis font theme


Package beamerthememetropolis Warning: You need to compile with XeLaTeX or LuaL
aTeX to use the Fira fonts on input line 95.

))
(/usr/share/texlive/texmf-dist/tex/latex/appendixnumberbeamer/appendixnumberbea
mer.sty) (/usr/share/texlive/texmf-dist/tex/latex/outlines/outlines.sty
Package: outlines 2012/1/23 1.1 Ch. Pecheur

(/usr/share/texlive/texmf-dist/tex/latex/base/ifthen.sty
Package: ifthen 2014/09/29 v1.1c Standard LaTeX ifthen package (DPC)
))
(/usr/share/texlive/texmf-dist/tex/latex/subfig/subfig.sty
Package: subfig 2005/06/28 ver: 1.3 subfig package
\c@KVtest=\count168
\sf@farskip=\skip69
\sf@captopadj=\dimen266
\sf@capskip=\skip70
\sf@nearskip=\skip71
\c@subfigure=\count169
\c@subfigure@save=\count170
\c@depth=\count171
\c@subtable=\count172
\c@subtable@save=\count173
\sf@top=\skip72
\sf@bottom=\skip73
) (./slides.aux)
\openout1 = `slides.aux'.

LaTeX Font Info:    Checking defaults for OML/cmm/m/it on input line 33.
LaTeX Font Info:    ... okay on input line 33.
LaTeX Font Info:    Checking defaults for T1/cmr/m/n on input line 33.
LaTeX Font Info:    ... okay on input line 33.
LaTeX Font Info:    Checking defaults for OT1/cmr/m/n on input line 33.
LaTeX Font Info:    ... okay on input line 33.
LaTeX Font Info:    Checking defaults for OMS/cmsy/m/n on input line 33.
LaTeX Font Info:    ... okay on input line 33.
LaTeX Font Info:    Checking defaults for OMX/cmex/m/n on input line 33.
LaTeX Font Info:    ... okay on input line 33.
LaTeX Font Info:    Checking defaults for U/cmr/m/n on input line 33.
LaTeX Font Info:    ... okay on input line 33.
LaTeX Font Info:    Checking defaults for PD1/pdf/m/n on input line 33.
LaTeX Font Info:    ... okay on input line 33.

*geometry* driver: auto-detecting
*geometry* detected driver: pdftex
*geometry* verbose mode - [ preamble ] result:
* driver: pdftex
* paper: custom
* layout: <same size as paper>
* layoutoffset:(h,v)=(0.0pt,0.0pt)
* modes: includehead includefoot 
* h-part:(L,W,R)=(28.45274pt, 307.28987pt, 28.45274pt)
* v-part:(T,H,B)=(0.0pt, 273.14662pt, 0.0pt)
* \paperwidth=364.19536pt
* \paperheight=273.14662pt
* \textwidth=307.28987pt
* \textheight=244.6939pt
* \oddsidemargin=-43.81725pt
* \evensidemargin=-43.81725pt
* \topmargin=-72.26999pt
* \headheight=14.22636pt
* \headsep=0.0pt
* \topskip=10.0pt
* \footskip=14.22636pt
* \marginparwidth=3.0pt
* \marginparsep=11.0pt
* \columnsep=10.0pt
* \skip\footins=9.0pt plus 4.0pt minus 2.0pt
* \hoffset=0.0pt
* \voffset=0.0pt
* \mag=1000
* \@twocolumnfalse
* \@twosidefalse
* \@mparswitchfalse
* \@reversemarginfalse
* (1in=72.27pt=25.4mm, 1cm=28.453pt)

(/usr/share/texlive/texmf-dist/tex/context/base/mkii/supp-pdf.mkii
[Loading MPS to PDF converter (version 2006.09.02).]
\scratchcounter=\count174
\scratchdimen=\dimen267
\scratchbox=\box59
\nofMPsegments=\count175
\nofMParguments=\count176
\everyMPshowfont=\toks47
\MPscratchCnt=\count177
\MPscratchDim=\dimen268
\MPnumerator=\count178
\makeMPintoPDFobject=\count179
\everyMPtoPDFconversion=\toks48
) (/usr/share/texlive/texmf-dist/tex/latex/oberdiek/epstopdf-base.sty
Package: epstopdf-base 2016/05/15 v2.6 Base part for package epstopdf

(/usr/share/texlive/texmf-dist/tex/latex/oberdiek/grfext.sty
Package: grfext 2016/05/16 v1.2 Manage graphics extensions (HO)
)
Package epstopdf-base Info: Redefining graphics rule for `.eps' on input line 4
38.
Package grfext Info: Graphics extension search list:
(grfext)             [.pdf,.png,.jpg,.mps,.jpeg,.jbig2,.jb2,.PDF,.PNG,.JPG,.JPE
G,.JBIG2,.JB2,.eps]
(grfext)             \AppendGraphicsExtensions on input line 456.

(/usr/share/texlive/texmf-dist/tex/latex/latexconfig/epstopdf-sys.cfg
File: epstopdf-sys.cfg 2010/07/13 v1.3 Configuration of (r)epstopdf for TeX Liv
e
))
ABD: EveryShipout initializing macros
\AtBeginShipoutBox=\box60
Package hyperref Info: Link coloring OFF on input line 33.

(/usr/share/texlive/texmf-dist/tex/latex/hyperref/nameref.sty
Package: nameref 2016/05/21 v2.44 Cross-referencing by name of section

(/usr/share/texlive/texmf-dist/tex/generic/oberdiek/gettitlestring.sty
Package: gettitlestring 2016/05/16 v1.5 Cleanup title references (HO)
)
\c@section@level=\count180
)
LaTeX Info: Redefining \ref on input line 33.
LaTeX Info: Redefining \pageref on input line 33.
LaTeX Info: Redefining \nameref on input line 33.

(./slides.out) (./slides.out)
\@outlinefile=\write5
\openout5 = `slides.out'.

LaTeX Font Info:    Overwriting symbol font `operators' in version `normal'
(Font)                  OT1/cmr/m/n --> OT1/cmss/m/n on input line 33.
LaTeX Font Info:    Overwriting symbol font `operators' in version `bold'
(Font)                  OT1/cmr/bx/n --> OT1/cmss/bx/n on input line 33.
\symnumbers=\mathgroup6
\sympureletters=\mathgroup7
LaTeX Font Info:    Overwriting math alphabet `\mathrm' in version `normal'
(Font)                  OT1/cmss/m/n --> OT1/cmr/m/n on input line 33.
LaTeX Font Info:    Redeclaring math alphabet \mathbf on input line 33.
LaTeX Font Info:    Overwriting math alphabet `\mathbf' in version `normal'
(Font)                  OT1/cmr/bx/n --> OT1/cmss/bx/n on input line 33.
LaTeX Font Info:    Overwriting math alphabet `\mathbf' in version `bold'
(Font)                  OT1/cmr/bx/n --> OT1/cmss/bx/n on input line 33.
LaTeX Font Info:    Redeclaring math alphabet \mathsf on input line 33.
LaTeX Font Info:    Overwriting math alphabet `\mathsf' in version `normal'
(Font)                  OT1/cmss/m/n --> OT1/cmss/m/n on input line 33.
LaTeX Font Info:    Overwriting math alphabet `\mathsf' in version `bold'
(Font)                  OT1/cmss/bx/n --> OT1/cmss/m/n on input line 33.
LaTeX Font Info:    Redeclaring math alphabet \mathit on input line 33.
LaTeX Font Info:    Overwriting math alphabet `\mathit' in version `normal'
(Font)                  OT1/cmr/m/it --> OT1/cmss/m/it on input line 33.
LaTeX Font Info:    Overwriting math alphabet `\mathit' in version `bold'
(Font)                  OT1/cmr/bx/it --> OT1/cmss/m/it on input line 33.
LaTeX Font Info:    Redeclaring math alphabet \mathtt on input line 33.
LaTeX Font Info:    Overwriting math alphabet `\mathtt' in version `normal'
(Font)                  OT1/cmtt/m/n --> OT1/cmtt/m/n on input line 33.
LaTeX Font Info:    Overwriting math alphabet `\mathtt' in version `bold'
(Font)                  OT1/cmtt/m/n --> OT1/cmtt/m/n on input line 33.
LaTeX Font Info:    Overwriting symbol font `numbers' in version `bold'
(Font)                  OT1/cmss/m/n --> OT1/cmss/bx/n on input line 33.
LaTeX Font Info:    Overwriting symbol font `pureletters' in version `bold'
(Font)                  OT1/cmss/m/it --> OT1/cmss/bx/it on input line 33.
LaTeX Font Info:    Overwriting math alphabet `\mathrm' in version `bold'
(Font)                  OT1/cmss/bx/n --> OT1/cmr/bx/n on input line 33.
LaTeX Font Info:    Overwriting math alphabet `\mathbf' in version `bold'
(Font)                  OT1/cmss/bx/n --> OT1/cmss/bx/n on input line 33.
LaTeX Font Info:    Overwriting math alphabet `\mathsf' in version `bold'
(Font)                  OT1/cmss/m/n --> OT1/cmss/bx/n on input line 33.
LaTeX Font Info:    Overwriting math alphabet `\mathit' in version `bold'
(Font)                  OT1/cmss/m/it --> OT1/cmss/bx/it on input line 33.
LaTeX Font Info:    Overwriting math alphabet `\mathtt' in version `bold'
(Font)                  OT1/cmtt/m/n --> OT1/cmtt/bx/n on input line 33.
LaTeX Font Info:    Redeclaring symbol font `pureletters' on input line 33.
LaTeX Font Info:    Overwriting symbol font `pureletters' in version `normal'
(Font)                  OT1/cmss/m/it --> OT1/mathkerncmss/m/sl on input line 3
3.
LaTeX Font Info:    Overwriting symbol font `pureletters' in version `bold'
(Font)                  OT1/cmss/bx/it --> OT1/mathkerncmss/m/sl on input line 
33.
LaTeX Font Info:    Overwriting symbol font `pureletters' in version `bold'
(Font)                  OT1/mathkerncmss/m/sl --> OT1/mathkerncmss/bx/sl on inp
ut line 33.

(/usr/share/texlive/texmf-dist/tex/latex/translator/translator-basic-dictionary
-English.dict
Dictionary: translator-basic-dictionary, Language: English 
)
(/usr/share/texlive/texmf-dist/tex/latex/translator/translator-bibliography-dic
tionary-English.dict
Dictionary: translator-bibliography-dictionary, Language: English 
)
(/usr/share/texlive/texmf-dist/tex/latex/translator/translator-environment-dict
ionary-English.dict
Dictionary: translator-environment-dictionary, Language: English 
)
(/usr/share/texlive/texmf-dist/tex/latex/translator/translator-months-dictionar
y-English.dict
Dictionary: translator-months-dictionary, Language: English 
)
(/usr/share/texlive/texmf-dist/tex/latex/translator/translator-numbers-dictiona
ry-English.dict
Dictionary: translator-numbers-dictionary, Language: English 
)
(/usr/share/texlive/texmf-dist/tex/latex/translator/translator-theorem-dictiona
ry-English.dict
Dictionary: translator-theorem-dictionary, Language: English 
)
Package caption Info: Begin \AtBeginDocument code.
Package caption Info: subfig package v1.3 is loaded.
Package caption Info: End \AtBeginDocument code.
 (./slides.nav)
<logos/stellar_4x1.pdf, id=37, 289.08pt x 72.27051pt>
File: logos/stellar_4x1.pdf Graphic file (type pdf)
<use logos/stellar_4x1.pdf>
Package pdftex.def Info: logos/stellar_4x1.pdf  used on input line 37.
(pdftex.def)             Requested size: 76.82246pt x 19.20561pt.
<logos/LSU.png, id=38, 1991.44pt x 301.125pt>
File: logos/LSU.png Graphic file (type png)
<use logos/LSU.png>
Package pdftex.def Info: logos/LSU.png  used on input line 37.
(pdftex.def)             Requested size: 153.64493pt x 23.23126pt.

Overfull \vbox (20.00003pt too high) detected at line 37
 []


Overfull \vbox (13.79993pt too high) detected at line 37
 []

[1

{/usr/share/texlive/texmf-dist/fonts/map/pdftex/updmap/pdftex.map} <./logos/ste
llar_4x1.pdf> <./logos/LSU.png>] (./slides.toc) [2

]
LaTeX Font Info:    Try loading font information for U+msa on input line 44.

(/usr/share/texlive/texmf-dist/tex/latex/amsfonts/umsa.fd
File: umsa.fd 2013/01/14 v3.01 AMS symbols A
)
LaTeX Font Info:    Try loading font information for U+msb on input line 44.

(/usr/share/texlive/texmf-dist/tex/latex/amsfonts/umsb.fd
File: umsb.fd 2013/01/14 v3.01 AMS symbols B
)
LaTeX Font Info:    Try loading font information for OT1+mathkerncmss on input 
line 44.

(/usr/share/texlive/texmf-dist/tex/latex/sansmathaccent/ot1mathkerncmss.fd
File: ot1mathkerncmss.fd 2013/03/27 Fontinst v1.933 font definitions for OT1/ma
thkerncmss.
)
[3

]
LaTeX Font Info:    Try loading font information for OMS+cmss on input line 55.

LaTeX Font Info:    No file OMScmss.fd. on input line 55.


LaTeX Font Warning: Font shape `OMS/cmss/m/n' undefined
(Font)              using `OMS/cmsy/m/n' instead
(Font)              for symbol `textbullet' on input line 55.

[4

] [5

] [6

] [7

] [8

] [9

] [10

]
<images/blaze.png, id=130, 301.125pt x 150.5625pt>
File: images/blaze.png Graphic file (type png)
<use images/blaze.png>
Package pdftex.def Info: images/blaze.png  used on input line 117.
(pdftex.def)             Requested size: 67.60414pt x 33.80157pt.
 [11

 <./images/blaze.png>] [12

]
<images/old_backend.png, id=141, 1255.69125pt x 400.49625pt>
File: images/old_backend.png Graphic file (type png)
<use images/old_backend.png>
Package pdftex.def Info: images/old_backend.png  used on input line 142.
(pdftex.def)             Requested size: 206.84903pt x 65.96902pt.
 [13

 <./images/old_backend.png>]
<images/schedules.png, id=150, 3237.09375pt x 1476.51625pt>
File: images/schedules.png Graphic file (type png)
<use images/schedules.png>
Package pdftex.def Info: images/schedules.png  used on input line 162.
(pdftex.def)             Requested size: 291.32587pt x 132.88072pt.

Overfull \hbox (4.03603pt too wide) in paragraph at lines 162--162
 [] 
 []

[14

 <./images/schedules.png>]
<images/task_granularity.png, id=157, 733.74126pt x 394.47375pt>
File: images/task_granularity.png Graphic file (type png)
<use images/task_granularity.png>
Package pdftex.def Info: images/task_granularity.png  used on input line 184.
(pdftex.def)             Requested size: 192.44897pt x 103.46362pt.
 [15

 <./images/task_granularity.png>]
<images/USL.png, id=164, 501.7947pt x 249.3315pt>
File: images/USL.png Graphic file (type png)
<use images/USL.png>
Package pdftex.def Info: images/USL.png  used on input line 205.
(pdftex.def)             Requested size: 190.68396pt x 94.74695pt.

Overfull \vbox (25.94183pt too high) detected at line 205
 []

[16

 <./images/USL.png>] [17

] [18

]
<images/chunks.png, id=188, 309.40594pt x 166.74797pt>
File: images/chunks.png Graphic file (type png)
<use images/chunks.png>
Package pdftex.def Info: images/chunks.png  used on input line 240.
(pdftex.def)             Requested size: 206.84903pt x 111.48137pt.

Overfull \vbox (6.26122pt too high) detected at line 240
 []

[19

 <./images/chunks.png>] [20

]
<images/fig5.png, id=201, 980.91469pt x 411.41203pt>
File: images/fig5.png Graphic file (type png)
<use images/fig5.png>
Package pdftex.def Info: images/fig5.png  used on input line 281.
(pdftex.def)             Requested size: 258.5591pt x 108.43985pt.
 [21

 <./images/fig5.png>]
<images/fig5_cropped.png, id=208, 612.03656pt x 396.35577pt>
File: images/fig5_cropped.png Graphic file (type png)
<use images/fig5_cropped.png>
Package pdftex.def Info: images/fig5_cropped.png  used on input line 294.
(pdftex.def)             Requested size: 122.40514pt x 79.26974pt.
 [22

 <./images/fig5_cropped.png>]
File: images/fig5_cropped.png Graphic file (type png)
<use images/fig5_cropped.png>
Package pdftex.def Info: images/fig5_cropped.png  used on input line 294.
(pdftex.def)             Requested size: 122.40514pt x 79.26974pt.
 [23

]

LaTeX Warning: Command \textunderscore invalid in math mode on input line 308.


LaTeX Warning: Command \textunderscore invalid in math mode on input line 308.

<images/grain_size.png, id=220, 692.5875pt x 242.9075pt>
File: images/grain_size.png Graphic file (type png)
<use images/grain_size.png>
Package pdftex.def Info: images/grain_size.png  used on input line 308.
(pdftex.def)             Requested size: 287.28984pt x 100.76024pt.
[24

 <./images/grain_size.png>]
<images/fig6.png, id=228, 970.75172pt x 411.41203pt>
File: images/fig6.png Graphic file (type png)
<use images/fig6.png>
Package pdftex.def Info: images/fig6.png  used on input line 319.
(pdftex.def)             Requested size: 307.28987pt x 130.2358pt.
 [25

 <./images/fig6.png>]
<images/fig6_range.png, id=237, 202.5969pt x 130.086pt>
File: images/fig6_range.png Graphic file (type png)
<use images/fig6_range.png>
Package pdftex.def Info: images/fig6_range.png  used on input line 331.
(pdftex.def)             Requested size: 182.33551pt x 117.0763pt.
 [26

 <./images/fig6_range.png>]
<images/fig2.png, id=245, 363.759pt x 195.6108pt>
File: images/fig2.png Graphic file (type png)
<use images/fig2.png>
Package pdftex.def Info: images/fig2.png  used on input line 341.
(pdftex.def)             Requested size: 152.77774pt x 82.15596pt.
<images/fig3.png, id=246, 344.2461pt x 196.5744pt>
File: images/fig3.png Graphic file (type png)
<use images/fig3.png>
Package pdftex.def Info: images/fig3.png  used on input line 341.
(pdftex.def)             Requested size: 144.58237pt x 82.56067pt.
 [27

 <./images/fig2.png> <./images/fig3.png>]
<images/fig1.png, id=255, 433.62pt x 289.08pt>
File: images/fig1.png Graphic file (type png)
<use images/fig1.png>
Package pdftex.def Info: images/fig1.png  used on input line 353.
(pdftex.def)             Requested size: 86.72246pt x 57.81497pt.
 [28

 <./images/fig1.png>]
File: images/fig1.png Graphic file (type png)
<use images/fig1.png>
Package pdftex.def Info: images/fig1.png  used on input line 353.
(pdftex.def)             Requested size: 86.72246pt x 57.81497pt.

[29

]
File: images/fig1.png Graphic file (type png)
<use images/fig1.png>
Package pdftex.def Info: images/fig1.png  used on input line 353.
(pdftex.def)             Requested size: 86.72246pt x 57.81497pt.
 [30

]
<images/fig6_cropped.png, id=272, 614.295pt x 396.35577pt>
File: images/fig6_cropped.png Graphic file (type png)
<use images/fig6_cropped.png>
Package pdftex.def Info: images/fig6_cropped.png  used on input line 378.
(pdftex.def)             Requested size: 92.14026pt x 59.45079pt.
 [31

 <./images/fig6_cropped.png>]
<images/polyfit/fig_1_690.png, id=280, 482.7636pt x 264.21912pt>
File: images/polyfit/fig_1_690.png Graphic file (type png)
<use images/polyfit/fig_1_690.png>
Package pdftex.def Info: images/polyfit/fig_1_690.png  used on input line 397.
(pdftex.def)             Requested size: 144.83018pt x 79.26634pt.
<images/polyfit/fig_2_690.png, id=281, 482.7636pt x 264.21912pt>
File: images/polyfit/fig_2_690.png Graphic file (type png)
<use images/polyfit/fig_2_690.png>
Package pdftex.def Info: images/polyfit/fig_2_690.png  used on input line 397.
(pdftex.def)             Requested size: 144.83018pt x 79.26634pt.
<images/polyfit/fig_4_690.png, id=282, 491.14693pt x 264.21912pt>
File: images/polyfit/fig_4_690.png Graphic file (type png)
<use images/polyfit/fig_4_690.png>
Package pdftex.def Info: images/polyfit/fig_4_690.png  used on input line 397.
(pdftex.def)             Requested size: 147.34521pt x 79.26634pt.
<images/polyfit/fig_8_690.png, id=283, 491.14693pt x 264.21912pt>
File: images/polyfit/fig_8_690.png Graphic file (type png)
<use images/polyfit/fig_8_690.png>
Package pdftex.def Info: images/polyfit/fig_8_690.png  used on input line 397.
(pdftex.def)             Requested size: 147.34521pt x 79.26634pt.

Overfull \vbox (35.76833pt too high) detected at line 397
 []

[32

 <./images/polyfit/fig_1_690.png> <./images/polyfit/fig_2_690.png> <./images/po
lyfit/fig_4_690.png> <./images/polyfit/fig_8_690.png>]

LaTeX Warning: Command \textunderscore invalid in math mode on input line 429.


LaTeX Warning: Command \textunderscore invalid in math mode on input line 429.

<images/polyfit/error_690_mae.png, id=298, 482.0409pt x 262.8219pt>
File: images/polyfit/error_690_mae.png Graphic file (type png)
<use images/polyfit/error_690_mae.png>
Package pdftex.def Info: images/polyfit/error_690_mae.png  used on input line 4
29.
(pdftex.def)             Requested size: 241.01985pt x 131.41061pt.

Overfull \vbox (21.90997pt too high) detected at line 429
 []

[33

 <./images/polyfit/error_690_mae.png>]

LaTeX Warning: Command \textunderscore invalid in math mode on input line 442.

<images/polyfit/error_690_r2.png, id=307, 478.6683pt x 264.2673pt>
File: images/polyfit/error_690_r2.png Graphic file (type png)
<use images/polyfit/error_690_r2.png>
Package pdftex.def Info: images/polyfit/error_690_r2.png  used on input line 44
2.
(pdftex.def)             Requested size: 239.33356pt x 132.13332pt.

Overfull \vbox (19.38733pt too high) detected at line 442
 []

[34

 <./images/polyfit/error_690_r2.png>]
<images/polyfit/model_1_8.png, id=315, 1208.515pt x 473.77pt>
File: images/polyfit/model_1_8.png Graphic file (type png)
<use images/polyfit/model_1_8.png>
Package pdftex.def Info: images/polyfit/model_1_8.png  used on input line 454.
(pdftex.def)             Requested size: 181.26942pt x 71.06242pt.
 [35

 <./images/polyfit/model_1_8.png>]
File: images/polyfit/model_1_8.png Graphic file (type png)
<use images/polyfit/model_1_8.png>
Package pdftex.def Info: images/polyfit/model_1_8.png  used on input line 454.
(pdftex.def)             Requested size: 181.26942pt x 71.06242pt.

[36

]
<images/polyfit/fig_1587_params_0before_fit.png, id=327, 398.6895pt x 262.8219p
t>
File: images/polyfit/fig_1587_params_0before_fit.png Graphic file (type png)
<use images/polyfit/fig_1587_params_0before_fit.png>
Package pdftex.def Info: images/polyfit/fig_1587_params_0before_fit.png  used o
n input line 468.
(pdftex.def)             Requested size: 131.56793pt x 86.73149pt.
<images/polyfit/fig_1587_params_1before_fit.png, id=328, 396.5214pt x 262.8219p
t>
File: images/polyfit/fig_1587_params_1before_fit.png Graphic file (type png)
<use images/polyfit/fig_1587_params_1before_fit.png>
Package pdftex.def Info: images/polyfit/fig_1587_params_1before_fit.png  used o
n input line 468.
(pdftex.def)             Requested size: 130.85246pt x 86.73149pt.
<images/polyfit/fig_1587_params_2before_fit.png, id=329, 404.9529pt x 263.0628p
t>
File: images/polyfit/fig_1587_params_2before_fit.png Graphic file (type png)
<use images/polyfit/fig_1587_params_2before_fit.png>
Package pdftex.def Info: images/polyfit/fig_1587_params_2before_fit.png  used o
n input line 468.
(pdftex.def)             Requested size: 133.63486pt x 86.81099pt.

Overfull \vbox (18.37813pt too high) detected at line 468
 []

[37

 <./images/polyfit/fig_1587_params_0before_fit.png> <./images/polyfit/fig_1587_
params_1before_fit.png> <./images/polyfit/fig_1587_params_2before_fit.png>]
<images/polyfit/fig_690_params_0.png, id=344, 478.1865pt x 262.8219pt>
File: images/polyfit/fig_690_params_0.png Graphic file (type png)
<use images/polyfit/fig_690_params_0.png>
Package pdftex.def Info: images/polyfit/fig_690_params_0.png  used on input lin
e 484.
(pdftex.def)             Requested size: 119.54633pt x 65.7053pt.
<images/polyfit/fig_690_params_1.png, id=345, 476.2593pt x 262.8219pt>
File: images/polyfit/fig_690_params_1.png Graphic file (type png)
<use images/polyfit/fig_690_params_1.png>
Package pdftex.def Info: images/polyfit/fig_690_params_1.png  used on input lin
e 484.
(pdftex.def)             Requested size: 119.06453pt x 65.7053pt.
<images/polyfit/fig_690_params_2.png, id=346, 484.6908pt x 262.8219pt>
File: images/polyfit/fig_690_params_2.png Graphic file (type png)
<use images/polyfit/fig_690_params_2.png>
Package pdftex.def Info: images/polyfit/fig_690_params_2.png  used on input lin
e 484.
(pdftex.def)             Requested size: 121.1724pt x 65.7053pt.

Overfull \vbox (13.74612pt too high) detected at line 484
 []

[38

 <./images/polyfit/fig_690_params_0.png> <./images/polyfit/fig_690_params_1.png
> <./images/polyfit/fig_690_params_2.png>]
<images/polyfit/fig_690_total_2.png, id=359, 464.55156pt x 252.36684pt>
File: images/polyfit/fig_690_total_2.png Graphic file (type png)
<use images/polyfit/fig_690_total_2.png>
Package pdftex.def Info: images/polyfit/fig_690_total_2.png  used on input line
 498.
(pdftex.def)             Requested size: 116.1376pt x 63.09155pt.
<images/polyfit/fig_690_total_4.png, id=360, 470.91132pt x 249.47604pt>
File: images/polyfit/fig_690_total_4.png Graphic file (type png)
<use images/polyfit/fig_690_total_4.png>
Package pdftex.def Info: images/polyfit/fig_690_total_4.png  used on input line
 498.
(pdftex.def)             Requested size: 117.72754pt x 62.36885pt.
<images/polyfit/fig_690_total_8.png, id=361, 470.91132pt x 249.47604pt>
File: images/polyfit/fig_690_total_8.png Graphic file (type png)
<use images/polyfit/fig_690_total_8.png>
Package pdftex.def Info: images/polyfit/fig_690_total_8.png  used on input line
 498.
(pdftex.def)             Requested size: 117.72754pt x 62.36885pt.

Overfull \vbox (28.84044pt too high) detected at line 498
 []

[39

 <./images/polyfit/fig_690_total_2.png> <./images/polyfit/fig_690_total_4.png> 
<./images/polyfit/fig_690_total_8.png>]
<images/polyfit/fig_690_total_error_r2.png, id=374, 479.00555pt x 265.08636pt>
File: images/polyfit/fig_690_total_error_r2.png Graphic file (type png)
<use images/polyfit/fig_690_total_error_r2.png>
Package pdftex.def Info: images/polyfit/fig_690_total_error_r2.png  used on inp
ut line 510.
(pdftex.def)             Requested size: 153.2849pt x 84.82936pt.
<images/polyfit/fig_690_total_error_mae.png, id=375, 482.18544pt x 263.35188pt>

File: images/polyfit/fig_690_total_error_mae.png Graphic file (type png)
<use images/polyfit/fig_690_total_error_mae.png>
Package pdftex.def Info: images/polyfit/fig_690_total_error_mae.png  used on in
put line 510.
(pdftex.def)             Requested size: 154.30249pt x 84.2743pt.

Overfull \hbox (0.29752pt too wide) in paragraph at lines 510--510
 [][] 
 []

[40

 <./images/polyfit/fig_690_total_error_r2.png> <./images/polyfit/fig_690_total_
error_mae.png>]
<images/polyfit/fig_690_total_2_range.png, id=386, 464.55156pt x 252.36684pt>
File: images/polyfit/fig_690_total_2_range.png Graphic file (type png)
<use images/polyfit/fig_690_total_2_range.png>
Package pdftex.def Info: images/polyfit/fig_690_total_2_range.png  used on inpu
t line 525.
(pdftex.def)             Requested size: 139.36653pt x 75.71063pt.
<images/polyfit/fig_690_total_4_range.png, id=387, 470.91132pt x 249.47604pt>
File: images/polyfit/fig_690_total_4_range.png Graphic file (type png)
<use images/polyfit/fig_690_total_4_range.png>
Package pdftex.def Info: images/polyfit/fig_690_total_4_range.png  used on inpu
t line 525.
(pdftex.def)             Requested size: 141.27448pt x 74.84338pt.
<images/polyfit/fig_690_total_8_range.png, id=388, 470.91132pt x 249.47604pt>
File: images/polyfit/fig_690_total_8_range.png Graphic file (type png)
<use images/polyfit/fig_690_total_8_range.png>
Package pdftex.def Info: images/polyfit/fig_690_total_8_range.png  used on inpu
t line 525.
(pdftex.def)             Requested size: 141.27448pt x 74.84338pt.

Overfull \vbox (24.68962pt too high) detected at line 525
 []

[41

 <./images/polyfit/fig_690_total_2_range.png> <./images/polyfit/fig_690_total_4
_range.png> <./images/polyfit/fig_690_total_8_range.png>]
File: images/polyfit/fig_690_total_8_range.png Graphic file (type png)
<use images/polyfit/fig_690_total_8_range.png>
Package pdftex.def Info: images/polyfit/fig_690_total_8_range.png  used on inpu
t line 546.
(pdftex.def)             Requested size: 141.27448pt x 74.84338pt.
 [42

]
<images/polyfit/fig_690_chunks_2_4-256.png, id=406, 396.5214pt x 263.0628pt>
File: images/polyfit/fig_690_chunks_2_4-256.png Graphic file (type png)
<use images/polyfit/fig_690_chunks_2_4-256.png>
Package pdftex.def Info: images/polyfit/fig_690_chunks_2_4-256.png  used on inp
ut line 562.
(pdftex.def)             Requested size: 99.1301pt x 65.76553pt.
<images/polyfit/fig_690_chunks_4_4-256.png, id=407, 396.5214pt x 263.0628pt>
File: images/polyfit/fig_690_chunks_4_4-256.png Graphic file (type png)
<use images/polyfit/fig_690_chunks_4_4-256.png>
Package pdftex.def Info: images/polyfit/fig_690_chunks_4_4-256.png  used on inp
ut line 562.
(pdftex.def)             Requested size: 99.1301pt x 65.76553pt.
<images/polyfit/fig_690_chunks_8_4-256.png, id=408, 396.5214pt x 264.5082pt>
File: images/polyfit/fig_690_chunks_8_4-256.png Graphic file (type png)
<use images/polyfit/fig_690_chunks_8_4-256.png>
Package pdftex.def Info: images/polyfit/fig_690_chunks_8_4-256.png  used on inp
ut line 562.
(pdftex.def)             Requested size: 99.1301pt x 66.12688pt.
<images/polyfit/fig_690_chunks_2_4-512.png, id=409, 396.5214pt x 263.0628pt>
File: images/polyfit/fig_690_chunks_2_4-512.png Graphic file (type png)
<use images/polyfit/fig_690_chunks_2_4-512.png>
Package pdftex.def Info: images/polyfit/fig_690_chunks_2_4-512.png  used on inp
ut line 562.
(pdftex.def)             Requested size: 99.1301pt x 65.76553pt.
<images/polyfit/fig_690_chunks_4_4-512.png, id=410, 396.5214pt x 263.0628pt>
File: images/polyfit/fig_690_chunks_4_4-512.png Graphic file (type png)
<use images/polyfit/fig_690_chunks_4_4-512.png>
Package pdftex.def Info: images/polyfit/fig_690_chunks_4_4-512.png  used on inp
ut line 562.
(pdftex.def)             Requested size: 99.1301pt x 65.76553pt.
<images/polyfit/fig_690_chunks_8_4-512.png, id=411, 396.5214pt x 263.0628pt>
File: images/polyfit/fig_690_chunks_8_4-512.png Graphic file (type png)
<use images/polyfit/fig_690_chunks_8_4-512.png>
Package pdftex.def Info: images/polyfit/fig_690_chunks_8_4-512.png  used on inp
ut line 562.
(pdftex.def)             Requested size: 99.1301pt x 65.76553pt.

Overfull \vbox (16.02802pt too high) detected at line 562
 []

[43

 <./images/polyfit/fig_690_chunks_2_4-256.png> <./images/polyfit/fig_690_chunks
_4_4-256.png> <./images/polyfit/fig_690_chunks_8_4-256.png> <./images/polyfit/f
ig_690_chunks_2_4-512.png> <./images/polyfit/fig_690_chunks_4_4-512.png> <./ima
ges/polyfit/fig_690_chunks_8_4-512.png>] [44

] [45

]
<images/bathtub/all_690_4_star_over.png, id=441, 258.4857pt x 134.6631pt>
File: images/bathtub/all_690_4_star_over.png Graphic file (type png)
<use images/bathtub/all_690_4_star_over.png>
Package pdftex.def Info: images/bathtub/all_690_4_star_over.png  used on input 
line 601.
(pdftex.def)             Requested size: 258.5591pt x 134.70796pt.
 [46

 <./images/bathtub/all_690_4_star_over.png>]

LaTeX Warning: Command \textunderscore invalid in math mode on input line 626.


LaTeX Warning: Command \textunderscore invalid in math mode on input line 626.

[47

]

LaTeX Warning: Command \textunderscore invalid in math mode on input line 626.


LaTeX Warning: Command \textunderscore invalid in math mode on input line 626.

[48

]

LaTeX Warning: Command \textunderscore invalid in math mode on input line 626.


LaTeX Warning: Command \textunderscore invalid in math mode on input line 626.

[49

]

LaTeX Warning: Command \textunderscore invalid in math mode on input line 626.


LaTeX Warning: Command \textunderscore invalid in math mode on input line 626.

[50

] [51

]
<images/bathtub/pred/pred_690_4.png, id=475, 476.2593pt x 263.0628pt>
File: images/bathtub/pred/pred_690_4.png Graphic file (type png)
<use images/bathtub/pred/pred_690_4.png>
Package pdftex.def Info: images/bathtub/pred/pred_690_4.png  used on input line
 659.
(pdftex.def)             Requested size: 142.87888pt x 78.91943pt.
<images/bathtub/pred/pred_690_8.png, id=476, 476.2593pt x 263.0628pt>
File: images/bathtub/pred/pred_690_8.png Graphic file (type png)
<use images/bathtub/pred/pred_690_8.png>
Package pdftex.def Info: images/bathtub/pred/pred_690_8.png  used on input line
 659.
(pdftex.def)             Requested size: 142.87888pt x 78.91943pt.
 [52

 <./images/bathtub/pred/pred_690_4.png> <./images/bathtub/pred/pred_690_8.png>]
<images/bathtub/error_690r2.png, id=487, 478.6683pt x 262.8219pt>
File: images/bathtub/error_690r2.png Graphic file (type png)
<use images/bathtub/error_690r2.png>
Package pdftex.def Info: images/bathtub/error_690r2.png  used on input line 671
.
(pdftex.def)             Requested size: 153.17699pt x 84.10472pt.
<images/bathtub/error_690mae.png, id=488, 475.5366pt x 262.8219pt>
File: images/bathtub/error_690mae.png Graphic file (type png)
<use images/bathtub/error_690mae.png>
Package pdftex.def Info: images/bathtub/error_690mae.png  used on input line 67
1.
(pdftex.def)             Requested size: 152.17482pt x 84.10472pt.
 [53

 <./images/bathtub/error_690r2.png> <./images/bathtub/error_690mae.png>]
<images/bathtub/coef_1_690.png, id=499, 727.59328pt x 410.65923pt>
File: images/bathtub/coef_1_690.png Graphic file (type png)
<use images/bathtub/coef_1_690.png>
Package pdftex.def Info: images/bathtub/coef_1_690.png  used on input line 697.

(pdftex.def)             Requested size: 94.59044pt x 53.38757pt.
<images/bathtub/coef_2_690.png, id=500, 722.3236pt x 410.65923pt>
File: images/bathtub/coef_2_690.png Graphic file (type png)
<use images/bathtub/coef_2_690.png>
Package pdftex.def Info: images/bathtub/coef_2_690.png  used on input line 697.

(pdftex.def)             Requested size: 93.90535pt x 53.38757pt.
<images/bathtub/coef_3_690.png, id=501, 726.08766pt x 410.65923pt>
File: images/bathtub/coef_3_690.png Graphic file (type png)
<use images/bathtub/coef_3_690.png>
Package pdftex.def Info: images/bathtub/coef_3_690.png  used on input line 697.

(pdftex.def)             Requested size: 94.3947pt x 53.38757pt.
 [54

 <./images/bathtub/coef_1_690.png> <./images/bathtub/coef_2_690.png> <./images/
bathtub/coef_3_690.png>]
<images/bathtub/error_final_690mae.png, id=515, 475.5366pt x 262.8219pt>
File: images/bathtub/error_final_690mae.png Graphic file (type png)
<use images/bathtub/error_final_690mae.png>
Package pdftex.def Info: images/bathtub/error_final_690mae.png  used on input l
ine 708.
(pdftex.def)             Requested size: 332.87334pt x 183.97406pt.

Overfull \hbox (25.58347pt too wide) in paragraph at lines 708--708
 [] 
 []


Overfull \vbox (23.00978pt too high) detected at line 708
 []

[55

 <./images/bathtub/error_final_690mae.png>] [56

]
<images/blazemark_1.png, id=529, 325.215pt x 449.68pt>
File: images/blazemark_1.png Graphic file (type png)
<use images/blazemark_1.png>
Package pdftex.def Info: images/blazemark_1.png  used on input line 741.
(pdftex.def)             Requested size: 129.06117pt x 178.45532pt.
<images/blazemark_2.png, id=530, 302.12875pt x 327.2225pt>
File: images/blazemark_2.png Graphic file (type png)
<use images/blazemark_2.png>
Package pdftex.def Info: images/blazemark_2.png  used on input line 741.
(pdftex.def)             Requested size: 125.98996pt x 136.45387pt.

Overfull \vbox (29.03546pt too high) detected at line 741
 []

[57

 <./images/blazemark_1.png> <./images/blazemark_2.png>] [58

] [59

] [60

]
<images/gab.png, id=555, 537.00626pt x 687.56876pt>
File: images/gab.png Graphic file (type png)
<use images/gab.png>
Package pdftex.def Info: images/gab.png  used on input line 815.
(pdftex.def)             Requested size: 118.14174pt x 151.2656pt.

Overfull \hbox (1.3701pt too wide) in paragraph at lines 815--815
 [] 
 []


Overfull \vbox (23.10112pt too high) detected at line 815
 []

[61

 <./images/gab.png>] [62

] [63

]
<images/fig11.png, id=574, 527.3301pt x 263.3037pt>
File: images/fig11.png Graphic file (type png)
<use images/fig11.png>
Package pdftex.def Info: images/fig11.png  used on input line 849.
(pdftex.def)             Requested size: 158.20024pt x 78.99171pt.
<images/fig12.png, id=575, 533.8344pt x 263.3037pt>
File: images/fig12.png Graphic file (type png)
<use images/fig12.png>
Package pdftex.def Info: images/fig12.png  used on input line 849.
(pdftex.def)             Requested size: 160.15155pt x 78.99171pt.

Overfull \hbox (21.0619pt too wide) in paragraph at lines 849--849
 [][] 
 []


Overfull \vbox (15.92702pt too high) detected at line 849
 []

[64

 <./images/fig11.png> <./images/fig12.png>] [65

]
<images/BLAS.png, id=591, 1413.28pt x 889.3225pt>
File: images/BLAS.png Graphic file (type png)
<use images/BLAS.png>
Package pdftex.def Info: images/BLAS.png  used on input line 864.
(pdftex.def)             Requested size: 282.65099pt x 177.86134pt.
 [66

 <./images/BLAS.png>]
<images/polyfit/fig_523-912_peak_range_all.png, id=599, 511.6716pt x 265.9536pt
>
File: images/polyfit/fig_523-912_peak_range_all.png Graphic file (type png)
<use images/polyfit/fig_523-912_peak_range_all.png>
Package pdftex.def Info: images/polyfit/fig_523-912_peak_range_all.png  used on
 input line 872.
(pdftex.def)             Requested size: 255.83517pt x 132.97647pt.

[67

 <./images/polyfit/fig_523-912_peak_range_all.png>]
\tf@nav=\write6
\openout6 = `slides.nav'.

\tf@toc=\write7
\openout7 = `slides.toc'.

\tf@snm=\write8
\openout8 = `slides.snm'.

Package atveryend Info: Empty hook `BeforeClearDocument' on input line 874.
Package atveryend Info: Empty hook `AfterLastShipout' on input line 874.
 (./slides.aux)
Package atveryend Info: Executing hook `AtVeryEndDocument' on input line 874.
Package atveryend Info: Executing hook `AtEndAfterFileList' on input line 874.
Package rerunfilecheck Info: File `slides.out' has not changed.
(rerunfilecheck)             Checksum: 29D3093612A458C9697ED17358826A0C;273.


LaTeX Font Warning: Some font shapes were not available, defaults substituted.

 ) 
Here is how much of TeX's memory you used:
 22317 strings out of 492676
 442727 string characters out of 6134162
 506958 words of memory out of 5000000
 25477 multiletter control sequences out of 15000+600000
 14326 words of font info for 52 fonts, out of 8000000 for 9000
 1137 hyphenation exceptions out of 8191
 71i,13n,88p,1809b,993s stack positions out of 5000i,500n,10000p,200000b,80000s
</usr/share/texlive/texmf-dist/fonts/type1/public/amsfonts/cm/cmex10.pfb></us
r/share/texlive/texmf-dist/fonts/type1/public/amsfonts/cm/cmmi10.pfb></usr/shar
e/texlive/texmf-dist/fonts/type1/public/amsfonts/cm/cmmi7.pfb></usr/share/texli
ve/texmf-dist/fonts/type1/public/amsfonts/cm/cmss10.pfb></usr/share/texlive/tex
mf-dist/fonts/type1/public/amsfonts/cm/cmss12.pfb></usr/share/texlive/texmf-dis
t/fonts/type1/public/amsfonts/cm/cmss8.pfb></usr/share/texlive/texmf-dist/fonts
/type1/public/amsfonts/cm/cmss9.pfb></usr/share/texlive/texmf-dist/fonts/type1/
public/amsfonts/cm/cmssbx10.pfb></usr/share/texlive/texmf-dist/fonts/type1/publ
ic/amsfonts/cm/cmssi10.pfb></usr/share/texlive/texmf-dist/fonts/type1/public/am
sfonts/cm/cmssi8.pfb></usr/share/texlive/texmf-dist/fonts/type1/public/amsfonts
/cm/cmsy10.pfb></usr/share/texlive/texmf-dist/fonts/type1/public/amsfonts/cm/cm
sy7.pfb></usr/share/texlive/texmf-dist/fonts/type1/public/amsfonts/cm/cmsy9.pfb
>
Output written on slides.pdf (67 pages, 5948171 bytes).
PDF statistics:
 697 PDF objects out of 1000 (max. 8388607)
 476 compressed objects within 5 object streams
 200 named destinations out of 1000 (max. 500000)
 391 words of extra memory for PDF output out of 10000 (max. 10000000)

